<?xml version="1.0" encoding="UTF-8"?>
<!-- Generated by org.testng.reporters.JUnitReportReporter -->
<testsuite hostname="LTIN313065" failures="0" tests="2" name="TestCase.TC_001_UpcomingBikeDetails" time="17.834" errors="0" timestamp="2024-03-28T16:40:06 IST" skipped="0">
  <testcase classname="TestCase.TC_001_UpcomingBikeDetails" name="clickNewBikes" time="5.402"/>
  <system-out/>
  <testcase classname="TestCase.TC_001_UpcomingBikeDetails" name="clickUpcomingBikes" time="12.432"/>
  <system-out/>
</testsuite> <!-- TestCase.TC_001_UpcomingBikeDetails -->
