<?xml version="1.0" encoding="UTF-8"?>
<!-- Generated by org.testng.reporters.JUnitReportReporter -->
<testsuite hostname="LTIN313065" failures="0" tests="1" name="TestCase.TC_003_GoogleLogin" time="2.760" errors="0" timestamp="2024-03-28T16:40:06 IST" skipped="0">
  <testcase classname="TestCase.TC_003_GoogleLogin" name="verifyLoginPage" time="2.760"/>
  <system-out/>
</testsuite> <!-- TestCase.TC_003_GoogleLogin -->
