<?xml version="1.0" encoding="UTF-8"?>
<!-- Generated by org.testng.reporters.JUnitReportReporter -->
<testsuite hostname="LTIN313065" failures="0" tests="2" name="TestCase.TC_001_UpcomingBikeDetails" time="20.253" errors="0" timestamp="2024-04-01T16:28:34 IST" skipped="0">
  <testcase classname="TestCase.TC_001_UpcomingBikeDetails" name="clickUpcomingBikes" time="14.775"/>
  <testcase classname="TestCase.TC_001_UpcomingBikeDetails" name="clickNewBikes" time="5.478"/>
</testsuite> <!-- TestCase.TC_001_UpcomingBikeDetails -->
