<?xml version="1.0" encoding="UTF-8"?>
<!-- Generated by org.testng.reporters.JUnitReportReporter -->
<testsuite hostname="LTIN313065" failures="0" tests="1" name="TestCase.TC_004_GoogleSignup" time="7.183" errors="0" timestamp="2024-04-01T16:28:34 IST" skipped="0">
  <testcase classname="TestCase.TC_004_GoogleSignup" name="verifyLoginPage" time="7.183"/>
</testsuite> <!-- TestCase.TC_004_GoogleSignup -->
