<?xml version="1.0" encoding="UTF-8"?>
<!-- Generated by org.testng.reporters.JUnitReportReporter -->
<testsuite hostname="LTIN313065" failures="0" tests="1" name="TestCase.TC_002_UsedCarsDetails" time="16.048" errors="0" timestamp="2024-04-01T16:28:34 IST" skipped="0">
  <testcase classname="TestCase.TC_002_UsedCarsDetails" name="UsedCarDetails" time="16.048"/>
</testsuite> <!-- TestCase.TC_002_UsedCarsDetails -->
